C51 COMPILER V9.02   LED_BLINK                                                             06/14/2024 19:50:45 PAGE 1   


C51 COMPILER V9.02, COMPILATION OF MODULE LED_BLINK
OBJECT MODULE PLACED IN LED_BLINK.OBJ
COMPILER INVOKED BY: C:\Keil\C51\BIN\C51.EXE LED_BLINK.c BROWSE DEBUG OBJECTEXTEND

line level    source

   1          #include<reg51.h>
   2          #include "delay.h"
   3          #define LEDS P1
   4          
   5          
   6          void main(){
   7   1              while(1){
   8   2              char i,j;
   9   2              for(i = 0,j = 7;i <= 3; i++,j--){
  10   3                      LEDS  = ((1<<i)^0x0f);
  11   3                      LEDS |= ((1<<j));
  12   3                      delay_ms(500);
  13   3              }
  14   2              for(i = 3,j = 4;i >= 0; i--,j++){
  15   3                      LEDS  = ((1<<i)^0x0f);
  16   3                      LEDS |= ((1<<j));
  17   3                      delay_ms(500);
  18   3              }        
  19   2              }
  20   1      }
  21          


MODULE INFORMATION:   STATIC OVERLAYABLE
   CODE SIZE        =    141    ----
   CONSTANT SIZE    =   ----    ----
   XDATA SIZE       =   ----    ----
   PDATA SIZE       =   ----    ----
   DATA SIZE        =   ----       2
   IDATA SIZE       =   ----    ----
   BIT SIZE         =   ----    ----
END OF MODULE INFORMATION.


C51 COMPILATION COMPLETE.  0 WARNING(S),  0 ERROR(S)
